[26-Apr-2025 07:14:08 UTC] PHP Fatal error:  Uncaught TypeError: call_user_func(): Argument #1 ($callback) must be a valid callback, function "elementor_settings_section_cb" not found or invalid function name in C:\Users\User\Local Sites\beesafesecurity-test\app\public\wp-admin\includes\template.php:1784
Stack trace:
#0 C:\Users\User\Local Sites\beesafesecurity-test\app\public\wp-content\themes\hello-elementor\functions.php(337): do_settings_sections('elementor-theme...')
#1 C:\Users\User\Local Sites\beesafesecurity-test\app\public\wp-includes\class-wp-hook.php(324): elementor_render_options_page('')
#2 C:\Users\User\Local Sites\beesafesecurity-test\app\public\wp-includes\class-wp-hook.php(348): WP_Hook->apply_filters('', Array)
#3 C:\Users\User\Local Sites\beesafesecurity-test\app\public\wp-includes\plugin.php(517): WP_Hook->do_action(Array)
#4 C:\Users\User\Local Sites\beesafesecurity-test\app\public\wp-admin\admin.php(260): do_action('toplevel_page_e...')
#5 {main}
  thrown in C:\Users\User\Local Sites\beesafesecurity-test\app\public\wp-admin\includes\template.php on line 1784
[26-Apr-2025 07:17:48 UTC] PHP Fatal error:  Uncaught TypeError: call_user_func(): Argument #1 ($callback) must be a valid callback, function "maycustom_settings_section_cb" not found or invalid function name in C:\Users\User\Local Sites\beesafesecurity-test\app\public\wp-admin\includes\template.php:1784
Stack trace:
#0 C:\Users\User\Local Sites\beesafesecurity-test\app\public\wp-content\themes\hello-elementor\functions.php(335): do_settings_sections('maycustom-theme...')
#1 C:\Users\User\Local Sites\beesafesecurity-test\app\public\wp-includes\class-wp-hook.php(324): maycustom_render_options_page('')
#2 C:\Users\User\Local Sites\beesafesecurity-test\app\public\wp-includes\class-wp-hook.php(348): WP_Hook->apply_filters('', Array)
#3 C:\Users\User\Local Sites\beesafesecurity-test\app\public\wp-includes\plugin.php(517): WP_Hook->do_action(Array)
#4 C:\Users\User\Local Sites\beesafesecurity-test\app\public\wp-admin\admin.php(260): do_action('toplevel_page_m...')
#5 {main}
  thrown in C:\Users\User\Local Sites\beesafesecurity-test\app\public\wp-admin\includes\template.php on line 1784
[26-Apr-2025 07:18:07 UTC] PHP Fatal error:  Uncaught ArgumentCountError: Too few arguments to function add_settings_section(), 3 passed in C:\Users\User\Local Sites\beesafesecurity-test\app\public\wp-content\themes\hello-elementor\functions.php on line 352 and at least 4 expected in C:\Users\User\Local Sites\beesafesecurity-test\app\public\wp-admin\includes\template.php:1635
Stack trace:
#0 C:\Users\User\Local Sites\beesafesecurity-test\app\public\wp-content\themes\hello-elementor\functions.php(352): add_settings_section('maycustom_setti...', 'General Setting...', 'maycustom-theme...')
#1 C:\Users\User\Local Sites\beesafesecurity-test\app\public\wp-includes\class-wp-hook.php(324): maycustom_register_settings('')
#2 C:\Users\User\Local Sites\beesafesecurity-test\app\public\wp-includes\class-wp-hook.php(348): WP_Hook->apply_filters(NULL, Array)
#3 C:\Users\User\Local Sites\beesafesecurity-test\app\public\wp-includes\plugin.php(517): WP_Hook->do_action(Array)
#4 C:\Users\User\Local Sites\beesafesecurity-test\app\public\wp-admin\admin.php(176): do_action('admin_init')
#5 {main}
  thrown in C:\Users\User\Local Sites\beesafesecurity-test\app\public\wp-admin\includes\template.php on line 1635
[26-Apr-2025 07:18:13 UTC] PHP Fatal error:  Uncaught ArgumentCountError: Too few arguments to function add_settings_section(), 3 passed in C:\Users\User\Local Sites\beesafesecurity-test\app\public\wp-content\themes\hello-elementor\functions.php on line 352 and at least 4 expected in C:\Users\User\Local Sites\beesafesecurity-test\app\public\wp-admin\includes\template.php:1635
Stack trace:
#0 C:\Users\User\Local Sites\beesafesecurity-test\app\public\wp-content\themes\hello-elementor\functions.php(352): add_settings_section('maycustom_setti...', 'General Setting...', 'maycustom-theme...')
#1 C:\Users\User\Local Sites\beesafesecurity-test\app\public\wp-includes\class-wp-hook.php(324): maycustom_register_settings('')
#2 C:\Users\User\Local Sites\beesafesecurity-test\app\public\wp-includes\class-wp-hook.php(348): WP_Hook->apply_filters(NULL, Array)
#3 C:\Users\User\Local Sites\beesafesecurity-test\app\public\wp-includes\plugin.php(517): WP_Hook->do_action(Array)
#4 C:\Users\User\Local Sites\beesafesecurity-test\app\public\wp-admin\admin-ajax.php(45): do_action('admin_init')
#5 {main}
  thrown in C:\Users\User\Local Sites\beesafesecurity-test\app\public\wp-admin\includes\template.php on line 1635
[26-Apr-2025 07:18:18 UTC] PHP Fatal error:  Uncaught TypeError: call_user_func(): Argument #1 ($callback) must be a valid callback, function "maycustom_settings_section_cb" not found or invalid function name in C:\Users\User\Local Sites\beesafesecurity-test\app\public\wp-admin\includes\template.php:1784
Stack trace:
#0 C:\Users\User\Local Sites\beesafesecurity-test\app\public\wp-content\themes\hello-elementor\functions.php(335): do_settings_sections('maycustom-theme...')
#1 C:\Users\User\Local Sites\beesafesecurity-test\app\public\wp-includes\class-wp-hook.php(324): maycustom_render_options_page('')
#2 C:\Users\User\Local Sites\beesafesecurity-test\app\public\wp-includes\class-wp-hook.php(348): WP_Hook->apply_filters('', Array)
#3 C:\Users\User\Local Sites\beesafesecurity-test\app\public\wp-includes\plugin.php(517): WP_Hook->do_action(Array)
#4 C:\Users\User\Local Sites\beesafesecurity-test\app\public\wp-admin\admin.php(260): do_action('toplevel_page_m...')
#5 {main}
  thrown in C:\Users\User\Local Sites\beesafesecurity-test\app\public\wp-admin\includes\template.php on line 1784
[26-Apr-2025 07:21:28 UTC] PHP Fatal error:  Uncaught TypeError: call_user_func(): Argument #1 ($callback) must be a valid callback, function "maycustom_settings_section_cb" not found or invalid function name in C:\Users\User\Local Sites\beesafesecurity-test\app\public\wp-admin\includes\template.php:1784
Stack trace:
#0 C:\Users\User\Local Sites\beesafesecurity-test\app\public\wp-content\themes\hello-elementor\functions.php(335): do_settings_sections('maycustom-theme...')
#1 C:\Users\User\Local Sites\beesafesecurity-test\app\public\wp-includes\class-wp-hook.php(324): maycustom_render_options_page('')
#2 C:\Users\User\Local Sites\beesafesecurity-test\app\public\wp-includes\class-wp-hook.php(348): WP_Hook->apply_filters('', Array)
#3 C:\Users\User\Local Sites\beesafesecurity-test\app\public\wp-includes\plugin.php(517): WP_Hook->do_action(Array)
#4 C:\Users\User\Local Sites\beesafesecurity-test\app\public\wp-admin\admin.php(260): do_action('toplevel_page_m...')
#5 {main}
  thrown in C:\Users\User\Local Sites\beesafesecurity-test\app\public\wp-admin\includes\template.php on line 1784
[27-Apr-2025 06:06:00 UTC] PHP Warning:  mysqli_real_connect(): (HY000/2002): No connection could be made because the target machine actively refused it in C:\Users\User\Local Sites\beesafesecurity-test\app\public\wp-includes\class-wpdb.php on line 1988
[28-Apr-2025 00:15:25 UTC] PHP Warning:  mysqli_real_connect(): (HY000/2002): No connection could be made because the target machine actively refused it in C:\Users\User\Local Sites\beesafesecurity-test\app\public\wp-includes\class-wpdb.php on line 1988
